Build started 01/10/2013 17:41:16.
     1>Project "C:\Users\win7\Desktop\cuf\proj\cuf.vcxproj" on node 2 (build target(s)).
     1>InitializeBuildStatus:
         Touching "Debug\plugin.unsuccessfulbuild".
       ClCompile:
         All outputs are up-to-date.
       ManifestResourceCompile:
         All outputs are up-to-date.
       Link:
         C:\Program Files\Microsoft Visual Studio 10.0\VC\bin\link.exe /ERRORREPORT:PROMPT /OUT:"..\bin\d_plugin.dll" /INCREMENTAL /NOLOGO kernel32.lib user32.lib gdi32.lib winspool.lib comdlg32.lib advapi32.lib shell32.lib ole32.lib oleaut32.lib uuid.lib odbc32.lib odbccp32.lib /DEF:"plugin.def" /MANIFEST /ManifestFile:"Debug\d_plugin.dll.intermediate.manifest" /MANIFESTUAC:"level='asInvoker' uiAccess='false'" /DEBUG /PDB:"C:\Users\win7\Desktop\cuf\bin\d_plugin.pdb" /SUBSYSTEM:WINDOWS /TLBID:1 /DYNAMICBASE /NXCOMPAT /IMPLIB:"..\bin\d_plugin.lib" /MACHINE:X86 /DLL Debug\d_plugin.dll.embed.manifest.res
         Debug\amxplugin.obj
         Debug\Implementation.obj
         Debug\main.obj
            Creating library ..\bin\d_plugin.lib and object ..\bin\d_plugin.exp
     1>d_plugin.exp : warning LNK4070: /OUT:plugin.dll directive in .EXP differs from output filename '..\bin\d_plugin.dll'; ignoring directive
       Manifest:
         C:\Program Files\Microsoft SDKs\Windows\v7.0A\bin\mt.exe /nologo /verbose /out:"Debug\d_plugin.dll.embed.manifest" /manifest Debug\d_plugin.dll.intermediate.manifest
         C:\Program Files\Microsoft SDKs\Windows\v7.0A\bin\rc.exe /nologo /fo"Debug\d_plugin.dll.embed.manifest.res" Debug\d_plugin_manifest.rc 
       LinkEmbedManifest:
         C:\Program Files\Microsoft Visual Studio 10.0\VC\bin\link.exe /ERRORREPORT:PROMPT /OUT:"..\bin\d_plugin.dll" /INCREMENTAL /NOLOGO kernel32.lib user32.lib gdi32.lib winspool.lib comdlg32.lib advapi32.lib shell32.lib ole32.lib oleaut32.lib uuid.lib odbc32.lib odbccp32.lib /DEF:"plugin.def" /MANIFEST /ManifestFile:"Debug\d_plugin.dll.intermediate.manifest" /MANIFESTUAC:"level='asInvoker' uiAccess='false'" /DEBUG /PDB:"C:\Users\win7\Desktop\cuf\bin\d_plugin.pdb" /SUBSYSTEM:WINDOWS /TLBID:1 /DYNAMICBASE /NXCOMPAT /IMPLIB:"..\bin\d_plugin.lib" /MACHINE:X86 /DLL Debug\d_plugin.dll.embed.manifest.res
         Debug\amxplugin.obj
         Debug\Implementation.obj
         Debug\main.obj
            Creating library ..\bin\d_plugin.lib and object ..\bin\d_plugin.exp
     1>d_plugin.exp : warning LNK4070: /OUT:plugin.dll directive in .EXP differs from output filename '..\bin\d_plugin.dll'; ignoring directive
         cuf.vcxproj -> C:\Users\win7\Desktop\cuf\proj\..\bin\d_plugin.dll
       FinalizeBuildStatus:
         Deleting file "Debug\plugin.unsuccessfulbuild".
         Touching "Debug\plugin.lastbuildstate".
     1>Done Building Project "C:\Users\win7\Desktop\cuf\proj\cuf.vcxproj" (build target(s)).

Build succeeded.

Time Elapsed 00:00:02.01
